<?xml version="1.0" encoding="UTF-8"?>
<!-- Generated by org.testng.reporters.JUnitReportReporter -->
<testsuite hostname="TALENTCLASS112" failures="0" tests="1" name="PS2" time="0.007" errors="0" timestamp="2024-05-15T11:58:59 CEST" skipped="0">
  <testcase classname="PS2" name="testRun" time="0.007"/>
  <system-out/>
</testsuite> <!-- PS2 -->
